[0405/010408.971:ERROR:process_memory_win.cc(73)] ReadMemory at 0x1ac94cc34d0 of 72 bytes failed: Only part of a ReadProcessMemory or WriteProcessMemory request was completed. (0x12B)
[0405/010408.972:WARNING:pe_image_annotations_reader.cc(134)] could not read annotations list object in C:\Program Files (x86)\Google\Chrome\Application\80.0.3987.149\chrome_elf.dll
[0405/010408.972:ERROR:process_memory_win.cc(73)] ReadMemory at 0x1ac94ba5790 of 72 bytes failed: Only part of a ReadProcessMemory or WriteProcessMemory request was completed. (0x12B)
[0405/010408.972:WARNING:pe_image_annotations_reader.cc(134)] could not read annotations list object in C:\Program Files (x86)\Google\Chrome\Application\80.0.3987.149\chrome.dll
[0405/010408.973:ERROR:process_memory_win.cc(73)] ReadMemory at 0x1ac94b20000 of 64 bytes failed: Only part of a ReadProcessMemory or WriteProcessMemory request was completed. (0x12B)
[0405/010408.973:WARNING:pe_image_reader.cc(340)] could not read dos header from C:\WINDOWS\System32\GDI32.dll
[0405/010408.974:ERROR:process_memory_win.cc(73)] ReadMemory at 0x7ff631150000 of 64 bytes failed: Only part of a ReadProcessMemory or WriteProcessMemory request was completed. (0x12B)
[0405/010408.974:WARNING:pe_image_reader.cc(340)] could not read dos header from C:\Program Files (x86)\Google\Chrome\Application\chrome.exe
[0405/010408.974:ERROR:process_memory_win.cc(73)] ReadMemory at 0x1ac94cc34d0 of 72 bytes failed: Only part of a ReadProcessMemory or WriteProcessMemory request was completed. (0x12B)
[0405/010408.974:WARNING:pe_image_annotations_reader.cc(134)] could not read annotations list object in C:\Program Files (x86)\Google\Chrome\Application\80.0.3987.149\chrome_elf.dll
[0405/010408.974:ERROR:process_memory_win.cc(73)] ReadMemory at 0x7fff71150000 of 64 bytes failed: Only part of a ReadProcessMemory or WriteProcessMemory request was completed. (0x12B)
[0405/010408.974:WARNING:pe_image_reader.cc(340)] could not read dos header from C:\Program Files (x86)\Google\Chrome\Application\80.0.3987.149\chrome.dll
[0405/010408.975:ERROR:process_memory_win.cc(73)] ReadMemory at 0x1ac94b20000 of 64 bytes failed: Only part of a ReadProcessMemory or WriteProcessMemory request was completed. (0x12B)
[0405/010408.975:WARNING:pe_image_reader.cc(340)] could not read dos header from C:\WINDOWS\System32\GDI32.dll
[0405/010408.989:ERROR:process_memory_win.cc(73)] ReadMemory at 0x36f47f9000 of 28672 bytes failed: Only part of a ReadProcessMemory or WriteProcessMemory request was completed. (0x12B)
[0405/010408.989:ERROR:process_memory_win.cc(73)] ReadMemory at 0x36f4ffd000 of 12288 bytes failed: Only part of a ReadProcessMemory or WriteProcessMemory request was completed. (0x12B)
[0405/010408.989:ERROR:process_memory_win.cc(73)] ReadMemory at 0x36f57fc000 of 16384 bytes failed: Only part of a ReadProcessMemory or WriteProcessMemory request was completed. (0x12B)
[0405/010408.989:ERROR:process_memory_win.cc(73)] ReadMemory at 0x36f5ffc000 of 16384 bytes failed: Only part of a ReadProcessMemory or WriteProcessMemory request was completed. (0x12B)
[0405/010408.989:ERROR:process_memory_win.cc(73)] ReadMemory at 0x36f67fc000 of 16384 bytes failed: Only part of a ReadProcessMemory or WriteProcessMemory request was completed. (0x12B)
[0405/010408.990:ERROR:process_memory_win.cc(73)] ReadMemory at 0x36f6ffe000 of 8192 bytes failed: Only part of a ReadProcessMemory or WriteProcessMemory request was completed. (0x12B)
[0405/010408.990:ERROR:process_memory_win.cc(73)] ReadMemory at 0x36f77fd000 of 12288 bytes failed: Only part of a ReadProcessMemory or WriteProcessMemory request was completed. (0x12B)
[0405/010408.990:ERROR:process_memory_win.cc(73)] ReadMemory at 0x36f7ffc000 of 16384 bytes failed: Only part of a ReadProcessMemory or WriteProcessMemory request was completed. (0x12B)
[0405/010408.990:ERROR:process_memory_win.cc(73)] ReadMemory at 0x36f87fd000 of 12288 bytes failed: Only part of a ReadProcessMemory or WriteProcessMemory request was completed. (0x12B)
[0405/010408.990:ERROR:process_memory_win.cc(73)] ReadMemory at 0x36f8ffd000 of 12288 bytes failed: Only part of a ReadProcessMemory or WriteProcessMemory request was completed. (0x12B)
[0405/010408.990:ERROR:process_memory_win.cc(73)] ReadMemory at 0x36f97fd000 of 12288 bytes failed: Only part of a ReadProcessMemory or WriteProcessMemory request was completed. (0x12B)
[0405/010408.990:ERROR:process_memory_win.cc(73)] ReadMemory at 0x36f9ffd000 of 12288 bytes failed: Only part of a ReadProcessMemory or WriteProcessMemory request was completed. (0x12B)
[0405/010408.990:ERROR:process_memory_win.cc(73)] ReadMemory at 0x36fa7fd000 of 12288 bytes failed: Only part of a ReadProcessMemory or WriteProcessMemory request was completed. (0x12B)
[0405/010408.990:ERROR:process_memory_win.cc(73)] ReadMemory at 0x36faffd000 of 12288 bytes failed: Only part of a ReadProcessMemory or WriteProcessMemory request was completed. (0x12B)
[0405/010408.991:ERROR:process_memory_win.cc(73)] ReadMemory at 0x36fb7fd000 of 12288 bytes failed: Only part of a ReadProcessMemory or WriteProcessMemory request was completed. (0x12B)
[0405/010408.991:ERROR:process_memory_win.cc(73)] ReadMemory at 0x36f3e00000 of 6024 bytes failed: Only part of a ReadProcessMemory or WriteProcessMemory request was completed. (0x12B)
[0405/010408.991:ERROR:process_memory_win.cc(73)] ReadMemory at 0x36f3e02000 of 6024 bytes failed: Only part of a ReadProcessMemory or WriteProcessMemory request was completed. (0x12B)
[0405/010408.991:ERROR:process_memory_win.cc(73)] ReadMemory at 0x36f3e04000 of 6024 bytes failed: Only part of a ReadProcessMemory or WriteProcessMemory request was completed. (0x12B)
[0405/010408.991:ERROR:process_memory_win.cc(73)] ReadMemory at 0x36f3fe6000 of 852 bytes failed: Only part of a ReadProcessMemory or WriteProcessMemory request was completed. (0x12B)
[0405/010408.991:ERROR:process_memory_win.cc(73)] ReadMemory at 0x36f3fe7000 of 6024 bytes failed: Only part of a ReadProcessMemory or WriteProcessMemory request was completed. (0x12B)
[0405/010408.991:ERROR:process_memory_win.cc(73)] ReadMemory at 0x36f3fe9000 of 6024 bytes failed: Only part of a ReadProcessMemory or WriteProcessMemory request was completed. (0x12B)
[0405/010408.991:ERROR:process_memory_win.cc(73)] ReadMemory at 0x36f3feb000 of 6024 bytes failed: Only part of a ReadProcessMemory or WriteProcessMemory request was completed. (0x12B)
[0405/010408.991:ERROR:process_memory_win.cc(73)] ReadMemory at 0x36f3fed000 of 6024 bytes failed: Only part of a ReadProcessMemory or WriteProcessMemory request was completed. (0x12B)
[0405/010408.991:ERROR:process_memory_win.cc(73)] ReadMemory at 0x36f3fef000 of 6024 bytes failed: Only part of a ReadProcessMemory or WriteProcessMemory request was completed. (0x12B)
[0405/010408.991:ERROR:process_memory_win.cc(73)] ReadMemory at 0x36f3ff1000 of 6024 bytes failed: Only part of a ReadProcessMemory or WriteProcessMemory request was completed. (0x12B)
[0405/010408.991:ERROR:process_memory_win.cc(73)] ReadMemory at 0x36f3ff3000 of 6024 bytes failed: Only part of a ReadProcessMemory or WriteProcessMemory request was completed. (0x12B)
[0405/010408.991:ERROR:process_memory_win.cc(73)] ReadMemory at 0x36f3ff5000 of 6024 bytes failed: Only part of a ReadProcessMemory or WriteProcessMemory request was completed. (0x12B)
[0405/010408.992:ERROR:process_memory_win.cc(73)] ReadMemory at 0x36f3ff7000 of 6024 bytes failed: Only part of a ReadProcessMemory or WriteProcessMemory request was completed. (0x12B)
[0405/010408.992:ERROR:process_memory_win.cc(73)] ReadMemory at 0x36f3ff9000 of 6024 bytes failed: Only part of a ReadProcessMemory or WriteProcessMemory request was completed. (0x12B)
[0405/010408.992:ERROR:process_memory_win.cc(73)] ReadMemory at 0x36f3ffb000 of 6024 bytes failed: Only part of a ReadProcessMemory or WriteProcessMemory request was completed. (0x12B)
[0405/010408.992:ERROR:process_memory_win.cc(73)] ReadMemory at 0x36f3ffd000 of 6024 bytes failed: Only part of a ReadProcessMemory or WriteProcessMemory request was completed. (0x12B)
[0405/010408.992:ERROR:process_memory_win.cc(73)] ReadMemory at 0x1ac948e0fe0 of 4914 bytes failed: Only part of a ReadProcessMemory or WriteProcessMemory request was completed. (0x12B)
[0405/010408.992:ERROR:process_memory_win.cc(73)] ReadMemory at 0x1ac948e2320 of 1012 bytes failed: Only part of a ReadProcessMemory or WriteProcessMemory request was completed. (0x12B)
[0405/010408.992:ERROR:process_memory_win.cc(73)] ReadMemory at 0x1ac948e2968 of 118 bytes failed: Only part of a ReadProcessMemory or WriteProcessMemory request was completed. (0x12B)
[0405/010408.992:ERROR:process_memory_win.cc(73)] ReadMemory at 0x1ac948e29e0 of 1298 bytes failed: Only part of a ReadProcessMemory or WriteProcessMemory request was completed. (0x12B)
[0405/010408.992:ERROR:process_memory_win.cc(73)] ReadMemory at 0x1ac948e2ef4 of 118 bytes failed: Only part of a ReadProcessMemory or WriteProcessMemory request was completed. (0x12B)
[0405/010408.992:ERROR:process_memory_win.cc(73)] ReadMemory at 0x1ac948e2f6c of 96 bytes failed: Only part of a ReadProcessMemory or WriteProcessMemory request was completed. (0x12B)
[0405/010408.992:ERROR:process_memory_win.cc(73)] ReadMemory at 0x1ac948e2fe0 of 58 bytes failed: Only part of a ReadProcessMemory or WriteProcessMemory request was completed. (0x12B)
[0405/010408.992:ERROR:process_memory_win.cc(73)] ReadMemory at 0x1ac948e30e0 of 132 bytes failed: Only part of a ReadProcessMemory or WriteProcessMemory request was completed. (0x12B)
[0405/010408.993:ERROR:process_memory_win.cc(73)] ReadMemory at 0x1ac948e3270 of 132 bytes failed: Only part of a ReadProcessMemory or WriteProcessMemory request was completed. (0x12B)
[0405/010408.993:ERROR:process_memory_win.cc(73)] ReadMemory at 0x1ac948e3430 of 126 bytes failed: Only part of a ReadProcessMemory or WriteProcessMemory request was completed. (0x12B)
[0405/010408.993:ERROR:process_memory_win.cc(73)] ReadMemory at 0x1ac948e3810 of 132 bytes failed: Only part of a ReadProcessMemory or WriteProcessMemory request was completed. (0x12B)
[0405/010408.993:ERROR:process_memory_win.cc(73)] ReadMemory at 0x1ac948e39a0 of 64 bytes failed: Only part of a ReadProcessMemory or WriteProcessMemory request was completed. (0x12B)
[0405/010408.993:ERROR:process_memory_win.cc(73)] ReadMemory at 0x1ac948e39f0 of 132 bytes failed: Only part of a ReadProcessMemory or WriteProcessMemory request was completed. (0x12B)
[0405/010408.993:ERROR:process_memory_win.cc(73)] ReadMemory at 0x1ac948e3b60 of 132 bytes failed: Only part of a ReadProcessMemory or WriteProcessMemory request was completed. (0x12B)
[0405/010408.993:ERROR:process_memory_win.cc(73)] ReadMemory at 0x1ac948e3e00 of 132 bytes failed: Only part of a ReadProcessMemory or WriteProcessMemory request was completed. (0x12B)
[0405/010408.993:ERROR:process_memory_win.cc(73)] ReadMemory at 0x1ac948e3f90 of 68 bytes failed: Only part of a ReadProcessMemory or WriteProcessMemory request was completed. (0x12B)
[0405/010408.993:ERROR:process_memory_win.cc(73)] ReadMemory at 0x1ac948e5170 of 132 bytes failed: Only part of a ReadProcessMemory or WriteProcessMemory request was completed. (0x12B)
[0405/010408.993:ERROR:process_memory_win.cc(73)] ReadMemory at 0x1ac948e5300 of 154 bytes failed: Only part of a ReadProcessMemory or WriteProcessMemory request was completed. (0x12B)
[0405/010408.993:ERROR:process_memory_win.cc(73)] ReadMemory at 0x1ac948e5f10 of 132 bytes failed: Only part of a ReadProcessMemory or WriteProcessMemory request was completed. (0x12B)
[0405/010408.993:ERROR:process_memory_win.cc(73)] ReadMemory at 0x1ac948e60f0 of 62 bytes failed: Only part of a ReadProcessMemory or WriteProcessMemory request was completed. (0x12B)
[0405/010408.994:ERROR:process_memory_win.cc(73)] ReadMemory at 0x1ac948e6140 of 146 bytes failed: Only part of a ReadProcessMemory or WriteProcessMemory request was completed. (0x12B)
[0405/010408.994:ERROR:process_memory_win.cc(73)] ReadMemory at 0x1ac948e6220 of 132 bytes failed: Only part of a ReadProcessMemory or WriteProcessMemory request was completed. (0x12B)
[0405/010408.994:ERROR:process_memory_win.cc(73)] ReadMemory at 0x1ac948e63b0 of 60 bytes failed: Only part of a ReadProcessMemory or WriteProcessMemory request was completed. (0x12B)
[0405/010408.994:ERROR:process_memory_win.cc(73)] ReadMemory at 0x1ac948e6f7c of 512 bytes failed: Only part of a ReadProcessMemory or WriteProcessMemory request was completed. (0x12B)
[0405/010408.994:ERROR:process_memory_win.cc(73)] ReadMemory at 0x1ac948ea250 of 132 bytes failed: Only part of a ReadProcessMemory or WriteProcessMemory request was completed. (0x12B)
[0405/010408.994:ERROR:process_memory_win.cc(73)] ReadMemory at 0x1ac948ea380 of 132 bytes failed: Only part of a ReadProcessMemory or WriteProcessMemory request was completed. (0x12B)
[0405/010408.994:ERROR:process_memory_win.cc(73)] ReadMemory at 0x1ac948ea510 of 80 bytes failed: Only part of a ReadProcessMemory or WriteProcessMemory request was completed. (0x12B)
[0405/010408.994:ERROR:process_memory_win.cc(73)] ReadMemory at 0x1ac948ea700 of 64 bytes failed: Only part of a ReadProcessMemory or WriteProcessMemory request was completed. (0x12B)
[0405/010408.994:ERROR:process_memory_win.cc(73)] ReadMemory at 0x1ac948ea7f0 of 62 bytes failed: Only part of a ReadProcessMemory or WriteProcessMemory request was completed. (0x12B)
[0405/010408.994:ERROR:process_memory_win.cc(73)] ReadMemory at 0x1ac948ea890 of 64 bytes failed: Only part of a ReadProcessMemory or WriteProcessMemory request was completed. (0x12B)
[0405/010408.994:ERROR:process_memory_win.cc(73)] ReadMemory at 0x1ac948ea8e0 of 66 bytes failed: Only part of a ReadProcessMemory or WriteProcessMemory request was completed. (0x12B)
[0405/010408.995:ERROR:process_memory_win.cc(73)] ReadMemory at 0x1ac948ea930 of 64 bytes failed: Only part of a ReadProcessMemory or WriteProcessMemory request was completed. (0x12B)
[0405/010408.995:ERROR:process_memory_win.cc(73)] ReadMemory at 0x1ac948ea980 of 60 bytes failed: Only part of a ReadProcessMemory or WriteProcessMemory request was completed. (0x12B)
[0405/010408.995:ERROR:process_memory_win.cc(73)] ReadMemory at 0x1ac948eaca0 of 64 bytes failed: Only part of a ReadProcessMemory or WriteProcessMemory request was completed. (0x12B)
[0405/010408.995:ERROR:process_memory_win.cc(73)] ReadMemory at 0x1ac948eacf0 of 60 bytes failed: Only part of a ReadProcessMemory or WriteProcessMemory request was completed. (0x12B)
[0405/010408.995:ERROR:process_memory_win.cc(73)] ReadMemory at 0x1ac948eade0 of 62 bytes failed: Only part of a ReadProcessMemory or WriteProcessMemory request was completed. (0x12B)
[0405/010408.995:ERROR:process_memory_win.cc(73)] ReadMemory at 0x1ac948ebad0 of 132 bytes failed: Only part of a ReadProcessMemory or WriteProcessMemory request was completed. (0x12B)
[0405/010408.995:ERROR:process_memory_win.cc(73)] ReadMemory at 0x1ac948ebc00 of 132 bytes failed: Only part of a ReadProcessMemory or WriteProcessMemory request was completed. (0x12B)
[0405/010408.995:ERROR:process_memory_win.cc(73)] ReadMemory at 0x1ac948ebd30 of 132 bytes failed: Only part of a ReadProcessMemory or WriteProcessMemory request was completed. (0x12B)
[0405/010408.995:ERROR:process_memory_win.cc(73)] ReadMemory at 0x1ac948ebe60 of 132 bytes failed: Only part of a ReadProcessMemory or WriteProcessMemory request was completed. (0x12B)
[0405/010408.995:ERROR:process_memory_win.cc(73)] ReadMemory at 0x1ac948ec0c0 of 132 bytes failed: Only part of a ReadProcessMemory or WriteProcessMemory request was completed. (0x12B)
[0405/010408.995:ERROR:process_memory_win.cc(73)] ReadMemory at 0x1ac948ec1f0 of 132 bytes failed: Only part of a ReadProcessMemory or WriteProcessMemory request was completed. (0x12B)
[0405/010408.995:ERROR:process_memory_win.cc(73)] ReadMemory at 0x1ac948ec320 of 132 bytes failed: Only part of a ReadProcessMemory or WriteProcessMemory request was completed. (0x12B)
[0405/010408.995:ERROR:process_memory_win.cc(73)] ReadMemory at 0x1ac948ec450 of 132 bytes failed: Only part of a ReadProcessMemory or WriteProcessMemory request was completed. (0x12B)
[0405/010408.996:ERROR:process_memory_win.cc(73)] ReadMemory at 0x1ac948ec580 of 132 bytes failed: Only part of a ReadProcessMemory or WriteProcessMemory request was completed. (0x12B)
[0405/010408.996:ERROR:process_memory_win.cc(73)] ReadMemory at 0x1ac948ec6b0 of 132 bytes failed: Only part of a ReadProcessMemory or WriteProcessMemory request was completed. (0x12B)
[0405/010408.996:ERROR:process_memory_win.cc(73)] ReadMemory at 0x1ac948ec7e0 of 132 bytes failed: Only part of a ReadProcessMemory or WriteProcessMemory request was completed. (0x12B)
[0405/010408.996:ERROR:process_memory_win.cc(73)] ReadMemory at 0x1ac948ec910 of 132 bytes failed: Only part of a ReadProcessMemory or WriteProcessMemory request was completed. (0x12B)
[0405/010408.996:ERROR:process_memory_win.cc(73)] ReadMemory at 0x1ac948ecd60 of 78 bytes failed: Only part of a ReadProcessMemory or WriteProcessMemory request was completed. (0x12B)
[0405/010408.996:ERROR:process_memory_win.cc(73)] ReadMemory at 0x1ac948ed1e0 of 80 bytes failed: Only part of a ReadProcessMemory or WriteProcessMemory request was completed. (0x12B)
[0405/010408.996:ERROR:process_memory_win.cc(73)] ReadMemory at 0x1ac948eda20 of 76 bytes failed: Only part of a ReadProcessMemory or WriteProcessMemory request was completed. (0x12B)
[0405/010408.996:ERROR:process_memory_win.cc(73)] ReadMemory at 0x1ac948eecf0 of 132 bytes failed: Only part of a ReadProcessMemory or WriteProcessMemory request was completed. (0x12B)
[0405/010408.996:ERROR:process_memory_win.cc(73)] ReadMemory at 0x1ac948ef470 of 132 bytes failed: Only part of a ReadProcessMemory or WriteProcessMemory request was completed. (0x12B)
[0405/010408.996:ERROR:process_memory_win.cc(73)] ReadMemory at 0x1ac948ef5a0 of 132 bytes failed: Only part of a ReadProcessMemory or WriteProcessMemory request was completed. (0x12B)
[0405/010408.996:ERROR:process_memory_win.cc(73)] ReadMemory at 0x1ac948ef7c0 of 132 bytes failed: Only part of a ReadProcessMemory or WriteProcessMemory request was completed. (0x12B)
[0405/010408.997:ERROR:process_memory_win.cc(73)] ReadMemory at 0x1ac948f3f70 of 54 bytes failed: Only part of a ReadProcessMemory or WriteProcessMemory request was completed. (0x12B)
[0405/010408.997:ERROR:process_memory_win.cc(73)] ReadMemory at 0x1ac948f48a0 of 132 bytes failed: Only part of a ReadProcessMemory or WriteProcessMemory request was completed. (0x12B)
[0405/010408.997:ERROR:process_memory_win.cc(73)] ReadMemory at 0x1ac948f4ab0 of 132 bytes failed: Only part of a ReadProcessMemory or WriteProcessMemory request was completed. (0x12B)
[0405/010408.997:ERROR:process_memory_win.cc(73)] ReadMemory at 0x1ac948f50d0 of 62 bytes failed: Only part of a ReadProcessMemory or WriteProcessMemory request was completed. (0x12B)
[0405/010408.997:ERROR:process_memory_win.cc(73)] ReadMemory at 0x1ac948f51c0 of 62 bytes failed: Only part of a ReadProcessMemory or WriteProcessMemory request was completed. (0x12B)
[0405/010408.997:ERROR:process_memory_win.cc(73)] ReadMemory at 0x1ac948f53a0 of 64 bytes failed: Only part of a ReadProcessMemory or WriteProcessMemory request was completed. (0x12B)
[0405/010408.997:ERROR:process_memory_win.cc(73)] ReadMemory at 0x1ac948f54e0 of 62 bytes failed: Only part of a ReadProcessMemory or WriteProcessMemory request was completed. (0x12B)
[0405/010408.997:ERROR:process_memory_win.cc(73)] ReadMemory at 0x1ac948f5760 of 58 bytes failed: Only part of a ReadProcessMemory or WriteProcessMemory request was completed. (0x12B)
[0405/010408.998:ERROR:process_memory_win.cc(73)] ReadMemory at 0x1ac948f5800 of 60 bytes failed: Only part of a ReadProcessMemory or WriteProcessMemory request was completed. (0x12B)
[0405/010408.998:ERROR:process_memory_win.cc(73)] ReadMemory at 0x1ac948f5850 of 64 bytes failed: Only part of a ReadProcessMemory or WriteProcessMemory request was completed. (0x12B)
[0405/010408.998:ERROR:process_memory_win.cc(73)] ReadMemory at 0x1ac948f5990 of 60 bytes failed: Only part of a ReadProcessMemory or WriteProcessMemory request was completed. (0x12B)
[0405/010408.998:ERROR:process_memory_win.cc(73)] ReadMemory at 0x1ac948f5b20 of 64 bytes failed: Only part of a ReadProcessMemory or WriteProcessMemory request was completed. (0x12B)
[0405/010408.998:ERROR:process_memory_win.cc(73)] ReadMemory at 0x1ac948f5b70 of 62 bytes failed: Only part of a ReadProcessMemory or WriteProcessMemory request was completed. (0x12B)
[0405/010408.998:ERROR:process_memory_win.cc(73)] ReadMemory at 0x1ac948f5bc0 of 60 bytes failed: Only part of a ReadProcessMemory or WriteProcessMemory request was completed. (0x12B)
[0405/010408.998:ERROR:process_memory_win.cc(73)] ReadMemory at 0x1ac948f5c10 of 60 bytes failed: Only part of a ReadProcessMemory or WriteProcessMemory request was completed. (0x12B)
[0405/010408.998:ERROR:process_memory_win.cc(73)] ReadMemory at 0x1ac948f5c60 of 64 bytes failed: Only part of a ReadProcessMemory or WriteProcessMemory request was completed. (0x12B)
[0405/010408.998:ERROR:process_memory_win.cc(73)] ReadMemory at 0x1ac948f5d00 of 62 bytes failed: Only part of a ReadProcessMemory or WriteProcessMemory request was completed. (0x12B)
[0405/010408.998:ERROR:process_memory_win.cc(73)] ReadMemory at 0x1ac948f5da0 of 62 bytes failed: Only part of a ReadProcessMemory or WriteProcessMemory request was completed. (0x12B)
[0405/010408.998:ERROR:process_memory_win.cc(73)] ReadMemory at 0x1ac948f5e40 of 62 bytes failed: Only part of a ReadProcessMemory or WriteProcessMemory request was completed. (0x12B)
[0405/010408.998:ERROR:process_memory_win.cc(73)] ReadMemory at 0x1ac948f5e90 of 62 bytes failed: Only part of a ReadProcessMemory or WriteProcessMemory request was completed. (0x12B)
[0405/010408.998:ERROR:process_memory_win.cc(73)] ReadMemory at 0x1ac948f5ee0 of 66 bytes failed: Only part of a ReadProcessMemory or WriteProcessMemory request was completed. (0x12B)
[0405/010408.998:ERROR:process_memory_win.cc(73)] ReadMemory at 0x1ac948f6520 of 132 bytes failed: Only part of a ReadProcessMemory or WriteProcessMemory request was completed. (0x12B)
[0405/010408.999:ERROR:process_memory_win.cc(73)] ReadMemory at 0x1ac948f6650 of 132 bytes failed: Only part of a ReadProcessMemory or WriteProcessMemory request was completed. (0x12B)
[0405/010408.999:ERROR:process_memory_win.cc(73)] ReadMemory at 0x1ac948f6780 of 132 bytes failed: Only part of a ReadProcessMemory or WriteProcessMemory request was completed. (0x12B)
[0405/010408.999:ERROR:process_memory_win.cc(73)] ReadMemory at 0x1ac948f68b0 of 132 bytes failed: Only part of a ReadProcessMemory or WriteProcessMemory request was completed. (0x12B)
[0405/010408.999:ERROR:process_memory_win.cc(73)] ReadMemory at 0x1ac948f69e0 of 132 bytes failed: Only part of a ReadProcessMemory or WriteProcessMemory request was completed. (0x12B)
[0405/010408.999:ERROR:process_memory_win.cc(73)] ReadMemory at 0x1ac948f6b10 of 132 bytes failed: Only part of a ReadProcessMemory or WriteProcessMemory request was completed. (0x12B)
[0405/010408.999:ERROR:process_memory_win.cc(73)] ReadMemory at 0x1ac948f6c40 of 132 bytes failed: Only part of a ReadProcessMemory or WriteProcessMemory request was completed. (0x12B)
[0405/010408.999:ERROR:process_memory_win.cc(73)] ReadMemory at 0x1ac948f6d70 of 132 bytes failed: Only part of a ReadProcessMemory or WriteProcessMemory request was completed. (0x12B)
[0405/010408.999:ERROR:process_memory_win.cc(73)] ReadMemory at 0x1ac948f6ea0 of 132 bytes failed: Only part of a ReadProcessMemory or WriteProcessMemory request was completed. (0x12B)
[0405/010408.999:ERROR:process_memory_win.cc(73)] ReadMemory at 0x1ac948f6fd0 of 132 bytes failed: Only part of a ReadProcessMemory or WriteProcessMemory request was completed. (0x12B)
[0405/010408.999:ERROR:process_memory_win.cc(73)] ReadMemory at 0x1ac948f7100 of 132 bytes failed: Only part of a ReadProcessMemory or WriteProcessMemory request was completed. (0x12B)
[0405/010408.999:ERROR:process_memory_win.cc(73)] ReadMemory at 0x1ac948f76f0 of 132 bytes failed: Only part of a ReadProcessMemory or WriteProcessMemory request was completed. (0x12B)
[0405/010408.999:ERROR:process_memory_win.cc(73)] ReadMemory at 0x1ac948f7820 of 132 bytes failed: Only part of a ReadProcessMemory or WriteProcessMemory request was completed. (0x12B)
[0405/010408.999:ERROR:process_memory_win.cc(73)] ReadMemory at 0x1ac948f7950 of 132 bytes failed: Only part of a ReadProcessMemory or WriteProcessMemory request was completed. (0x12B)
[0405/010409.000:ERROR:process_memory_win.cc(73)] ReadMemory at 0x1ac948f7a80 of 132 bytes failed: Only part of a ReadProcessMemory or WriteProcessMemory request was completed. (0x12B)
[0405/010409.000:ERROR:process_memory_win.cc(73)] ReadMemory at 0x1ac948f7bb0 of 132 bytes failed: Only part of a ReadProcessMemory or WriteProcessMemory request was completed. (0x12B)
[0405/010409.000:ERROR:process_memory_win.cc(73)] ReadMemory at 0x1ac948f7ce0 of 132 bytes failed: Only part of a ReadProcessMemory or WriteProcessMemory request was completed. (0x12B)
[0405/010409.000:ERROR:process_memory_win.cc(73)] ReadMemory at 0x1ac948f7e10 of 132 bytes failed: Only part of a ReadProcessMemory or WriteProcessMemory request was completed. (0x12B)
[0405/010409.000:ERROR:process_memory_win.cc(73)] ReadMemory at 0x1ac948f7f40 of 132 bytes failed: Only part of a ReadProcessMemory or WriteProcessMemory request was completed. (0x12B)
[0405/010409.000:ERROR:process_memory_win.cc(73)] ReadMemory at 0x1ac948f8070 of 132 bytes failed: Only part of a ReadProcessMemory or WriteProcessMemory request was completed. (0x12B)
[0405/010409.000:ERROR:process_memory_win.cc(73)] ReadMemory at 0x1ac948f81a0 of 132 bytes failed: Only part of a ReadProcessMemory or WriteProcessMemory request was completed. (0x12B)
[0405/010409.000:ERROR:process_memory_win.cc(73)] ReadMemory at 0x1ac9490a640 of 58 bytes failed: Only part of a ReadProcessMemory or WriteProcessMemory request was completed. (0x12B)
[0405/010409.000:ERROR:process_memory_win.cc(73)] ReadMemory at 0x1ac9490a6e0 of 58 bytes failed: Only part of a ReadProcessMemory or WriteProcessMemory request was completed. (0x12B)
[0405/010409.000:ERROR:process_memory_win.cc(73)] ReadMemory at 0x1ac9490a910 of 64 bytes failed: Only part of a ReadProcessMemory or WriteProcessMemory request was completed. (0x12B)
[0405/010409.000:ERROR:process_memory_win.cc(73)] ReadMemory at 0x1ac9490a960 of 60 bytes failed: Only part of a ReadProcessMemory or WriteProcessMemory request was completed. (0x12B)
[0405/010409.000:ERROR:process_memory_win.cc(73)] ReadMemory at 0x1ac9490a9b0 of 60 bytes failed: Only part of a ReadProcessMemory or WriteProcessMemory request was completed. (0x12B)
[0405/010409.000:ERROR:process_memory_win.cc(73)] ReadMemory at 0x1ac9490ae10 of 58 bytes failed: Only part of a ReadProcessMemory or WriteProcessMemory request was completed. (0x12B)
[0405/010409.000:ERROR:process_memory_win.cc(73)] ReadMemory at 0x1ac9490aeb0 of 62 bytes failed: Only part of a ReadProcessMemory or WriteProcessMemory request was completed. (0x12B)
[0405/010409.000:ERROR:process_memory_win.cc(73)] ReadMemory at 0x1ac9490af50 of 66 bytes failed: Only part of a ReadProcessMemory or WriteProcessMemory request was completed. (0x12B)
[0405/010409.000:ERROR:process_memory_win.cc(73)] ReadMemory at 0x1ac9490b220 of 62 bytes failed: Only part of a ReadProcessMemory or WriteProcessMemory request was completed. (0x12B)
[0405/010409.000:ERROR:process_memory_win.cc(73)] ReadMemory at 0x1ac9490b270 of 62 bytes failed: Only part of a ReadProcessMemory or WriteProcessMemory request was completed. (0x12B)
[0405/010409.001:ERROR:process_memory_win.cc(73)] ReadMemory at 0x1ac94917e10 of 512 bytes failed: Only part of a ReadProcessMemory or WriteProcessMemory request was completed. (0x12B)
[0405/010409.001:ERROR:process_memory_win.cc(73)] ReadMemory at 0x1ac94918d70 of 992 bytes failed: Only part of a ReadProcessMemory or WriteProcessMemory request was completed. (0x12B)
[0405/010409.001:ERROR:process_memory_win.cc(73)] ReadMemory at 0x1ac94ab0dc0 of 512 bytes failed: Only part of a ReadProcessMemory or WriteProcessMemory request was completed. (0x12B)
[0405/010409.001:ERROR:process_memory_win.cc(73)] ReadMemory at 0x1ac94bc5e80 of 512 bytes failed: Only part of a ReadProcessMemory or WriteProcessMemory request was completed. (0x12B)
[0405/010409.001:ERROR:process_memory_win.cc(73)] ReadMemory at 0x1ac94bc6600 of 512 bytes failed: Only part of a ReadProcessMemory or WriteProcessMemory request was completed. (0x12B)
[0405/010409.001:ERROR:process_memory_win.cc(73)] ReadMemory at 0x1ac94bd16b0 of 512 bytes failed: Only part of a ReadProcessMemory or WriteProcessMemory request was completed. (0x12B)
[0405/010409.001:ERROR:process_memory_win.cc(73)] ReadMemory at 0x1ac94bd3480 of 512 bytes failed: Only part of a ReadProcessMemory or WriteProcessMemory request was completed. (0x12B)
[0405/010409.001:ERROR:process_memory_win.cc(73)] ReadMemory at 0x1ac94bdc588 of 512 bytes failed: Only part of a ReadProcessMemory or WriteProcessMemory request was completed. (0x12B)
[0405/010409.001:ERROR:process_memory_win.cc(73)] ReadMemory at 0x1ac94bdcfa8 of 512 bytes failed: Only part of a ReadProcessMemory or WriteProcessMemory request was completed. (0x12B)
[0405/010409.001:ERROR:process_memory_win.cc(73)] ReadMemory at 0x1ac94be91b0 of 712 bytes failed: Only part of a ReadProcessMemory or WriteProcessMemory request was completed. (0x12B)
[0405/010409.001:ERROR:process_memory_win.cc(73)] ReadMemory at 0x1ac94bea781 of 512 bytes failed: Only part of a ReadProcessMemory or WriteProcessMemory request was completed. (0x12B)
[0405/010409.001:ERROR:process_memory_win.cc(73)] ReadMemory at 0x1ac94bfd2e0 of 512 bytes failed: Only part of a ReadProcessMemory or WriteProcessMemory request was completed. (0x12B)
[0405/010409.001:ERROR:process_memory_win.cc(73)] ReadMemory at 0x1ac94c15ef8 of 512 bytes failed: Only part of a ReadProcessMemory or WriteProcessMemory request was completed. (0x12B)
[0405/010409.001:ERROR:process_memory_win.cc(73)] ReadMemory at 0x1ac96dd0000 of 384 bytes failed: Only part of a ReadProcessMemory or WriteProcessMemory request was completed. (0x12B)
[0405/010409.001:ERROR:process_memory_win.cc(73)] ReadMemory at 0x1ac96de30d0 of 512 bytes failed: Only part of a ReadProcessMemory or WriteProcessMemory request was completed. (0x12B)
[0405/010409.001:ERROR:process_memory_win.cc(73)] ReadMemory at 0x1ac96de8160 of 656 bytes failed: Only part of a ReadProcessMemory or WriteProcessMemory request was completed. (0x12B)
[0405/010409.002:ERROR:process_memory_win.cc(73)] ReadMemory at 0x1ac96eb73a0 of 512 bytes failed: Only part of a ReadProcessMemory or WriteProcessMemory request was completed. (0x12B)
[0405/010409.002:ERROR:process_memory_win.cc(73)] ReadMemory at 0x1ac96f2dcc8 of 512 bytes failed: Only part of a ReadProcessMemory or WriteProcessMemory request was completed. (0x12B)
[0405/010409.002:ERROR:process_memory_win.cc(73)] ReadMemory at 0x185964924878 of 512 bytes failed: Only part of a ReadProcessMemory or WriteProcessMemory request was completed. (0x12B)
[0405/010409.002:ERROR:process_memory_win.cc(73)] ReadMemory at 0x7fff7370054c of 512 bytes failed: Only part of a ReadProcessMemory or WriteProcessMemory request was completed. (0x12B)
[0405/010409.002:ERROR:process_memory_win.cc(73)] ReadMemory at 0x7fff74493d1b of 512 bytes failed: Only part of a ReadProcessMemory or WriteProcessMemory request was completed. (0x12B)
[0405/010409.002:ERROR:process_memory_win.cc(73)] ReadMemory at 0x7fff7778e030 of 512 bytes failed: Only part of a ReadProcessMemory or WriteProcessMemory request was completed. (0x12B)
[0405/010409.002:ERROR:process_memory_win.cc(73)] ReadMemory at 0x7fff78566d48 of 512 bytes failed: Only part of a ReadProcessMemory or WriteProcessMemory request was completed. (0x12B)
[0405/010409.002:ERROR:process_memory_win.cc(73)] ReadMemory at 0x7fffc63fb720 of 512 bytes failed: Only part of a ReadProcessMemory or WriteProcessMemory request was completed. (0x12B)
[0405/010409.002:ERROR:process_memory_win.cc(73)] ReadMemory at 0x7fffc893c0c4 of 672 bytes failed: Only part of a ReadProcessMemory or WriteProcessMemory request was completed. (0x12B)
[0405/010409.002:ERROR:process_memory_win.cc(73)] ReadMemory at 0x7fffc893c6c4 of 512 bytes failed: Only part of a ReadProcessMemory or WriteProcessMemory request was completed. (0x12B)
[0405/010409.002:ERROR:process_memory_win.cc(73)] ReadMemory at 0x7fffc893f974 of 608 bytes failed: Only part of a ReadProcessMemory or WriteProcessMemory request was completed. (0x12B)
[0405/010409.002:ERROR:process_memory_win.cc(73)] ReadMemory at 0x7fffc89cc428 of 18 bytes failed: Only part of a ReadProcessMemory or WriteProcessMemory request was completed. (0x12B)
[0405/010409.002:ERROR:process_memory_win.cc(73)] ReadMemory at 0x7fffc89ff4f8 of 40 bytes failed: Only part of a ReadProcessMemory or WriteProcessMemory request was completed. (0x12B)
[0405/010409.002:ERROR:process_memory_win.cc(73)] ReadMemory at 0x7fffc89ff978 of 48 bytes failed: Only part of a ReadProcessMemory or WriteProcessMemory request was completed. (0x12B)
[0405/010409.002:ERROR:process_memory_win.cc(73)] ReadMemory at 0x7fffc8a053c0 of 64 bytes failed: Only part of a ReadProcessMemory or WriteProcessMemory request was completed. (0x12B)
[0405/010409.004:ERROR:file_io_win.cc(161)] CreateFile C:\Users\tpote\AppData\Local\Temp\scoped_dir33176_55057674\Crashpad\settings.dat: The system cannot find the file specified. (0x2)
[0405/010409.004:ERROR:scoped_process_suspend.cc(40)] NtResumeProcess: An attempt was made to access an exiting process. (0xc000010a)
